<?xml version="1.0" encoding="UTF-8"?>
<coverage generated="1596518395792" clover="3.2.0">
  <project timestamp="1596518395793" name="All files">
    <metrics statements="51" coveredstatements="51" conditionals="24" coveredconditionals="24" methods="13" coveredmethods="13" elements="88" coveredelements="88" complexity="0" loc="51" ncloc="51" packages="1" files="1" classes="1"/>
    <file name="generate-config.js" path="/Users/sihuiliang/Documents/github/epc-html-packages/packages/helpers/generate-config/lib/generate-config.js">
      <metrics statements="51" coveredstatements="51" conditionals="24" coveredconditionals="24" methods="13" coveredmethods="13"/>
      <line num="1" count="7" type="stmt"/>
      <line num="9" count="5" type="stmt"/>
      <line num="17" count="1" type="stmt"/>
      <line num="18" count="86" type="cond" truecount="2" falsecount="0"/>
      <line num="19" count="9" type="stmt"/>
      <line num="21" count="77" type="stmt"/>
      <line num="24" count="1" type="stmt"/>
      <line num="25" count="17" type="stmt"/>
      <line num="26" count="17" type="stmt"/>
      <line num="27" count="26" type="stmt"/>
      <line num="28" count="26" type="stmt"/>
      <line num="29" count="26" type="cond" truecount="2" falsecount="0"/>
      <line num="31" count="17" type="stmt"/>
      <line num="34" count="1" type="stmt"/>
      <line num="35" count="25" type="stmt"/>
      <line num="36" count="25" type="stmt"/>
      <line num="37" count="25" type="stmt"/>
      <line num="38" count="25" type="cond" truecount="2" falsecount="0"/>
      <line num="40" count="25" type="stmt"/>
      <line num="42" count="25" type="cond" truecount="2" falsecount="0"/>
      <line num="43" count="3" type="stmt"/>
      <line num="46" count="22" type="cond" truecount="4" falsecount="0"/>
      <line num="48" count="5" type="stmt"/>
      <line num="49" count="5" type="stmt"/>
      <line num="52" count="17" type="cond" truecount="2" falsecount="0"/>
      <line num="53" count="17" type="cond" truecount="4" falsecount="0"/>
      <line num="56" count="8" type="stmt"/>
      <line num="59" count="5" type="stmt"/>
      <line num="61" count="3" type="stmt"/>
      <line num="64" count="1" type="stmt"/>
      <line num="68" count="1" type="stmt"/>
      <line num="69" count="1" type="stmt"/>
      <line num="70" count="2" type="cond" truecount="2" falsecount="0"/>
      <line num="71" count="1" type="stmt"/>
      <line num="73" count="1" type="stmt"/>
      <line num="76" count="1" type="stmt"/>
      <line num="79" count="1" type="stmt"/>
      <line num="80" count="16" type="stmt"/>
      <line num="81" count="16" type="stmt"/>
      <line num="82" count="16" type="stmt"/>
      <line num="83" count="16" type="cond" truecount="4" falsecount="0"/>
      <line num="84" count="1" type="stmt"/>
      <line num="87" count="15" type="stmt"/>
      <line num="88" count="15" type="stmt"/>
      <line num="89" count="20" type="stmt"/>
      <line num="91" count="13" type="stmt"/>
      <line num="96" count="4" type="stmt"/>
      <line num="100" count="4" type="stmt"/>
      <line num="104" count="5" type="stmt"/>
      <line num="105" count="5" type="stmt"/>
      <line num="109" count="1" type="stmt"/>
    </file>
  </project>
</coverage>
