{"/Users/sihuiliang/Documents/github/epc-html-packages/packages/helpers/generate-config/lib/generate-config.js": {"path":"/Users/sihuiliang/Documents/github/epc-html-packages/packages/helpers/generate-config/lib/generate-config.js","statementMap":{"0":{"start":{"line":1,"column":20},"end":{"line":7,"column":2}},"1":{"start":{"line":1,"column":56},"end":{"line":7,"column":1}},"2":{"start":{"line":9,"column":21},"end":{"line":15,"column":2}},"3":{"start":{"line":9,"column":57},"end":{"line":15,"column":1}},"4":{"start":{"line":17,"column":19},"end":{"line":22,"column":1}},"5":{"start":{"line":18,"column":2},"end":{"line":20,"column":3}},"6":{"start":{"line":19,"column":4},"end":{"line":19,"column":23}},"7":{"start":{"line":21,"column":2},"end":{"line":21,"column":32}},"8":{"start":{"line":24,"column":29},"end":{"line":32,"column":1}},"9":{"start":{"line":25,"column":15},"end":{"line":25,"column":31}},"10":{"start":{"line":26,"column":21},"end":{"line":30,"column":4}},"11":{"start":{"line":27,"column":28},"end":{"line":27,"column":34}},"12":{"start":{"line":28,"column":21},"end":{"line":28,"column":32}},"13":{"start":{"line":29,"column":4},"end":{"line":29,"column":49}},"14":{"start":{"line":31,"column":2},"end":{"line":31,"column":33}},"15":{"start":{"line":34,"column":15},"end":{"line":66,"column":1}},"16":{"start":{"line":35,"column":24},"end":{"line":35,"column":47}},"17":{"start":{"line":36,"column":30},"end":{"line":36,"column":59}},"18":{"start":{"line":37,"column":21},"end":{"line":37,"column":50}},"19":{"start":{"line":38,"column":28},"end":{"line":39,"column":46}},"20":{"start":{"line":40,"column":20},"end":{"line":40,"column":29}},"21":{"start":{"line":42,"column":2},"end":{"line":44,"column":3}},"22":{"start":{"line":43,"column":4},"end":{"line":43,"column":79}},"23":{"start":{"line":46,"column":2},"end":{"line":50,"column":3}},"24":{"start":{"line":48,"column":23},"end":{"line":48,"column":91}},"25":{"start":{"line":49,"column":4},"end":{"line":49,"column":44}},"26":{"start":{"line":52,"column":2},"end":{"line":52,"column":59}},"27":{"start":{"line":53,"column":2},"end":{"line":65,"column":3}},"28":{"start":{"line":56,"column":6},"end":{"line":56,"column":53}},"29":{"start":{"line":59,"column":6},"end":{"line":59,"column":56}},"30":{"start":{"line":61,"column":6},"end":{"line":61,"column":57}},"31":{"start":{"line":64,"column":6},"end":{"line":64,"column":53}},"32":{"start":{"line":68,"column":24},"end":{"line":77,"column":1}},"33":{"start":{"line":69,"column":17},"end":{"line":74,"column":4}},"34":{"start":{"line":70,"column":4},"end":{"line":72,"column":5}},"35":{"start":{"line":71,"column":6},"end":{"line":71,"column":17}},"36":{"start":{"line":73,"column":4},"end":{"line":73,"column":65}},"37":{"start":{"line":76,"column":2},"end":{"line":76,"column":15}},"38":{"start":{"line":79,"column":19},"end":{"line":92,"column":1}},"39":{"start":{"line":80,"column":15},"end":{"line":80,"column":21}},"40":{"start":{"line":81,"column":21},"end":{"line":81,"column":39}},"41":{"start":{"line":82,"column":27},"end":{"line":82,"column":51}},"42":{"start":{"line":83,"column":2},"end":{"line":85,"column":3}},"43":{"start":{"line":84,"column":4},"end":{"line":84,"column":51}},"44":{"start":{"line":87,"column":15},"end":{"line":87,"column":40}},"45":{"start":{"line":88,"column":2},"end":{"line":90,"column":5}},"46":{"start":{"line":89,"column":4},"end":{"line":89,"column":59}},"47":{"start":{"line":91,"column":2},"end":{"line":91,"column":16}},"48":{"start":{"line":96,"column":4},"end":{"line":96,"column":21}},"49":{"start":{"line":100,"column":4},"end":{"line":100,"column":23}},"50":{"start":{"line":104,"column":4},"end":{"line":104,"column":68}},"51":{"start":{"line":105,"column":4},"end":{"line":105,"column":16}},"52":{"start":{"line":109,"column":0},"end":{"line":117,"column":2}}},"fnMap":{"0":{"name":"(anonymous_0)","decl":{"start":{"line":1,"column":20},"end":{"line":1,"column":21}},"loc":{"start":{"line":1,"column":56},"end":{"line":7,"column":1}},"line":1},"1":{"name":"(anonymous_1)","decl":{"start":{"line":9,"column":21},"end":{"line":9,"column":22}},"loc":{"start":{"line":9,"column":57},"end":{"line":15,"column":1}},"line":9},"2":{"name":"(anonymous_2)","decl":{"start":{"line":17,"column":19},"end":{"line":17,"column":20}},"loc":{"start":{"line":17,"column":30},"end":{"line":22,"column":1}},"line":17},"3":{"name":"(anonymous_3)","decl":{"start":{"line":24,"column":29},"end":{"line":24,"column":30}},"loc":{"start":{"line":24,"column":38},"end":{"line":32,"column":1}},"line":24},"4":{"name":"(anonymous_4)","decl":{"start":{"line":26,"column":33},"end":{"line":26,"column":34}},"loc":{"start":{"line":26,"column":40},"end":{"line":30,"column":3}},"line":26},"5":{"name":"(anonymous_5)","decl":{"start":{"line":34,"column":15},"end":{"line":34,"column":16}},"loc":{"start":{"line":34,"column":50},"end":{"line":66,"column":1}},"line":34},"6":{"name":"(anonymous_6)","decl":{"start":{"line":68,"column":24},"end":{"line":68,"column":25}},"loc":{"start":{"line":68,"column":52},"end":{"line":77,"column":1}},"line":68},"7":{"name":"(anonymous_7)","decl":{"start":{"line":69,"column":35},"end":{"line":69,"column":36}},"loc":{"start":{"line":69,"column":51},"end":{"line":74,"column":3}},"line":69},"8":{"name":"(anonymous_8)","decl":{"start":{"line":79,"column":19},"end":{"line":79,"column":20}},"loc":{"start":{"line":79,"column":49},"end":{"line":92,"column":1}},"line":79},"9":{"name":"(anonymous_9)","decl":{"start":{"line":88,"column":15},"end":{"line":88,"column":16}},"loc":{"start":{"line":88,"column":24},"end":{"line":90,"column":3}},"line":88},"10":{"name":"(anonymous_10)","decl":{"start":{"line":95,"column":2},"end":{"line":95,"column":3}},"loc":{"start":{"line":95,"column":16},"end":{"line":97,"column":3}},"line":95},"11":{"name":"(anonymous_11)","decl":{"start":{"line":99,"column":2},"end":{"line":99,"column":3}},"loc":{"start":{"line":99,"column":14},"end":{"line":101,"column":3}},"line":99},"12":{"name":"(anonymous_12)","decl":{"start":{"line":103,"column":2},"end":{"line":103,"column":3}},"loc":{"start":{"line":103,"column":26},"end":{"line":106,"column":3}},"line":103}},"branchMap":{"0":{"loc":{"start":{"line":18,"column":2},"end":{"line":20,"column":3}},"type":"if","locations":[{"start":{"line":18,"column":2},"end":{"line":20,"column":3}},{"start":{"line":18,"column":2},"end":{"line":20,"column":3}}],"line":18},"1":{"loc":{"start":{"line":29,"column":11},"end":{"line":29,"column":48}},"type":"binary-expr","locations":[{"start":{"line":29,"column":11},"end":{"line":29,"column":28}},{"start":{"line":29,"column":32},"end":{"line":29,"column":48}}],"line":29},"2":{"loc":{"start":{"line":38,"column":28},"end":{"line":39,"column":46}},"type":"binary-expr","locations":[{"start":{"line":38,"column":28},"end":{"line":38,"column":39}},{"start":{"line":39,"column":9},"end":{"line":39,"column":46}}],"line":38},"3":{"loc":{"start":{"line":42,"column":2},"end":{"line":44,"column":3}},"type":"if","locations":[{"start":{"line":42,"column":2},"end":{"line":44,"column":3}},{"start":{"line":42,"column":2},"end":{"line":44,"column":3}}],"line":42},"4":{"loc":{"start":{"line":46,"column":2},"end":{"line":50,"column":3}},"type":"if","locations":[{"start":{"line":46,"column":2},"end":{"line":50,"column":3}},{"start":{"line":46,"column":2},"end":{"line":50,"column":3}}],"line":46},"5":{"loc":{"start":{"line":46,"column":6},"end":{"line":46,"column":55}},"type":"binary-expr","locations":[{"start":{"line":46,"column":6},"end":{"line":46,"column":17}},{"start":{"line":46,"column":21},"end":{"line":46,"column":55}}],"line":46},"6":{"loc":{"start":{"line":52,"column":16},"end":{"line":52,"column":58}},"type":"cond-expr","locations":[{"start":{"line":52,"column":29},"end":{"line":52,"column":36}},{"start":{"line":52,"column":39},"end":{"line":52,"column":58}}],"line":52},"7":{"loc":{"start":{"line":53,"column":2},"end":{"line":65,"column":3}},"type":"switch","locations":[{"start":{"line":55,"column":4},"end":{"line":56,"column":53}},{"start":{"line":58,"column":4},"end":{"line":59,"column":56}},{"start":{"line":60,"column":4},"end":{"line":61,"column":57}},{"start":{"line":63,"column":4},"end":{"line":64,"column":53}}],"line":53},"8":{"loc":{"start":{"line":70,"column":4},"end":{"line":72,"column":5}},"type":"if","locations":[{"start":{"line":70,"column":4},"end":{"line":72,"column":5}},{"start":{"line":70,"column":4},"end":{"line":72,"column":5}}],"line":70},"9":{"loc":{"start":{"line":83,"column":2},"end":{"line":85,"column":3}},"type":"if","locations":[{"start":{"line":83,"column":2},"end":{"line":85,"column":3}},{"start":{"line":83,"column":2},"end":{"line":85,"column":3}}],"line":83},"10":{"loc":{"start":{"line":83,"column":5},"end":{"line":83,"column":59}},"type":"binary-expr","locations":[{"start":{"line":83,"column":5},"end":{"line":83,"column":27}},{"start":{"line":83,"column":31},"end":{"line":83,"column":59}}],"line":83}},"s":{"0":1,"1":7,"2":1,"3":5,"4":1,"5":86,"6":9,"7":77,"8":1,"9":17,"10":17,"11":26,"12":26,"13":26,"14":17,"15":1,"16":25,"17":25,"18":25,"19":25,"20":25,"21":25,"22":3,"23":22,"24":5,"25":5,"26":17,"27":17,"28":8,"29":5,"30":3,"31":1,"32":1,"33":1,"34":2,"35":1,"36":1,"37":1,"38":1,"39":16,"40":16,"41":16,"42":16,"43":1,"44":15,"45":15,"46":20,"47":13,"48":4,"49":4,"50":5,"51":5,"52":1},"f":{"0":7,"1":5,"2":86,"3":17,"4":26,"5":25,"6":1,"7":2,"8":16,"9":20,"10":4,"11":4,"12":5},"b":{"0":[9,77],"1":[26,21],"2":[25,17],"3":[3,22],"4":[5,17],"5":[22,14],"6":[8,9],"7":[8,5,3,1],"8":[1,1],"9":[1,15],"10":[16,1]},"_coverageSchema":"1a1c01bbd47fc00a2c39e90264f33305004495a9","hash":"c8393d4ca0a2f60558f3d18054639cb835acecd2"}
}
