TN:
SF:lib/generate-config.js
FN:1,(anonymous_0)
FN:9,(anonymous_1)
FN:17,(anonymous_2)
FN:24,(anonymous_3)
FN:26,(anonymous_4)
FN:34,(anonymous_5)
FN:68,(anonymous_6)
FN:69,(anonymous_7)
FN:79,(anonymous_8)
FN:88,(anonymous_9)
FN:95,(anonymous_10)
FN:99,(anonymous_11)
FN:103,(anonymous_12)
FNF:13
FNH:13
FNDA:7,(anonymous_0)
FNDA:5,(anonymous_1)
FNDA:86,(anonymous_2)
FNDA:17,(anonymous_3)
FNDA:26,(anonymous_4)
FNDA:25,(anonymous_5)
FNDA:1,(anonymous_6)
FNDA:2,(anonymous_7)
FNDA:16,(anonymous_8)
FNDA:20,(anonymous_9)
FNDA:4,(anonymous_10)
FNDA:4,(anonymous_11)
FNDA:5,(anonymous_12)
DA:1,7
DA:9,5
DA:17,1
DA:18,86
DA:19,9
DA:21,77
DA:24,1
DA:25,17
DA:26,17
DA:27,26
DA:28,26
DA:29,26
DA:31,17
DA:34,1
DA:35,25
DA:36,25
DA:37,25
DA:38,25
DA:40,25
DA:42,25
DA:43,3
DA:46,22
DA:48,5
DA:49,5
DA:52,17
DA:53,17
DA:56,8
DA:59,5
DA:61,3
DA:64,1
DA:68,1
DA:69,1
DA:70,2
DA:71,1
DA:73,1
DA:76,1
DA:79,1
DA:80,16
DA:81,16
DA:82,16
DA:83,16
DA:84,1
DA:87,15
DA:88,15
DA:89,20
DA:91,13
DA:96,4
DA:100,4
DA:104,5
DA:105,5
DA:109,1
LF:51
LH:51
BRDA:18,0,0,9
BRDA:18,0,1,77
BRDA:29,1,0,26
BRDA:29,1,1,21
BRDA:38,2,0,25
BRDA:38,2,1,17
BRDA:42,3,0,3
BRDA:42,3,1,22
BRDA:46,4,0,5
BRDA:46,4,1,17
BRDA:46,5,0,22
BRDA:46,5,1,14
BRDA:52,6,0,8
BRDA:52,6,1,9
BRDA:53,7,0,8
BRDA:53,7,1,5
BRDA:53,7,2,3
BRDA:53,7,3,1
BRDA:70,8,0,1
BRDA:70,8,1,1
BRDA:83,9,0,1
BRDA:83,9,1,15
BRDA:83,10,0,16
BRDA:83,10,1,1
BRF:24
BRH:24
end_of_record
